layers_bits=[0, 11, 58, 26]
layers_ratios=[0.0, 0.11578947368421053, 0.6105263157894737, 0.2736842105263158]
layers_bits=[0, 8, 28, 17]
layers_ratios=[0.0, 0.1509433962264151, 0.5283018867924528, 0.32075471698113206]
layers_bits=[0, 6, 15, 19]
layers_ratios=[0.0, 0.15, 0.375, 0.475]
layers_bits=[0, 6, 19, 18]
layers_ratios=[0.0, 0.13953488372093023, 0.4418604651162791, 0.4186046511627907]
layers_bits=[0, 11, 32, 19]
layers_ratios=[0.0, 0.1774193548387097, 0.5161290322580645, 0.3064516129032258]
layers_bits=[0, 11, 30, 22]
layers_ratios=[0.0, 0.1746031746031746, 0.47619047619047616, 0.3492063492063492]
layers_bits=[0, 11, 13, 24]
layers_ratios=[0.0, 0.22916666666666666, 0.2708333333333333, 0.5]
layers_bits=[0, 8, 24, 23]
layers_ratios=[0.0, 0.14545454545454545, 0.43636363636363634, 0.41818181818181815]
layers_bits=[0, 6, 33, 23]
layers_ratios=[0.0, 0.0967741935483871, 0.532258064516129, 0.3709677419354839]
layers_bits=[0, 12, 25, 25]
layers_ratios=[0.0, 0.1935483870967742, 0.4032258064516129, 0.4032258064516129]
layers_bits=[0, 9, 32, 22]
layers_ratios=[0.0, 0.14285714285714285, 0.5079365079365079, 0.3492063492063492]
